info: Usuario autenticado correctamente
info: Perfil del usuario obtenido correctamente
info: Productos renderizados correctamente
info: Carrito renderizado correctamente
info: Carrito renderizado correctamente
info: Productos renderizados correctamente
info: Carrito renderizado correctamente
info: Productos renderizados correctamente
info: Carrito renderizado correctamente
info: Carrito renderizado correctamente
fatal: Uy no este error si que es peligrosooo!!!
error: Revisa de nuevo ya que es grave
warning: Brother checale bien!!
info: Esto solo es un aviso informativo
http: Papito solo es un HTTP
debug: Solo es un debug
info: Conectados a la Base de datos
info: Usuario registrado correctamente
info: Perfil del usuario obtenido correctamente
info: Productos renderizados correctamente
info: Carrito renderizado correctamente
info: Productos renderizados correctamente
info: Carrito renderizado correctamente
info: Productos renderizados correctamente
info: Carrito renderizado correctamente
info: Carrito renderizado correctamente
info: Productos renderizados correctamente
info: Usuario cerró sesión correctamente
info: Autenticación con GitHub exitosa
info: Perfil del usuario obtenido correctamente
info: Usuario cerró sesión correctamente
info: Conectados a la Base de datos
info: Conectados a la Base de datos
info: Conectados a la Base de datos
info: Conectados a la Base de datos
info: Conectados a la Base de datos
info: Conectados a la Base de datos
info: Conectados a la Base de datos
info: Conectados a la Base de datos
info: Conectados a la Base de datos
info: Conectados a la Base de datos
info: Usuario autenticado correctamente
info: Perfil del usuario obtenido correctamente
info: Usuario cerró sesión correctamente
info: Usuario autenticado correctamente
info: Perfil del usuario obtenido correctamente
info: Conectados a la Base de datos
info: Conectados a la Base de datos
info: Conectados a la Base de datos
info: Conectados a la Base de datos
info: Usuario cerró sesión correctamente
info: Usuario autenticado correctamente
info: Perfil del usuario obtenido correctamente
info: Conectados a la Base de datos
info: Conectados a la Base de datos
info: Conectados a la Base de datos
info: Conectados a la Base de datos
info: Usuario cerró sesión correctamente
info: Usuario autenticado correctamente
info: Perfil del usuario obtenido correctamente
info: Conectados a la Base de datos
info: Productos obtenidos correctamente
info: Conectados a la Base de datos
info: Conectados a la Base de datos
info: Usuario autenticado correctamente
info: Perfil del usuario obtenido correctamente
info: Usuario cerró sesión correctamente
info: Usuario autenticado correctamente
info: Perfil del usuario obtenido correctamente
info: Conectados a la Base de datos
info: Conectados a la Base de datos
info: Usuario cerró sesión correctamente
info: Usuario autenticado correctamente
info: Perfil del usuario obtenido correctamente
info: Usuario cerró sesión correctamente
info: Usuario autenticado correctamente
info: Perfil del usuario obtenido correctamente
info: Conectados a la Base de datos
info: Usuario cerró sesión correctamente
info: Usuario autenticado correctamente
info: Perfil del usuario obtenido correctamente
info: Usuario cerró sesión correctamente
info: Usuario autenticado correctamente
info: Perfil del usuario obtenido correctamente
info: Usuario cerró sesión correctamente
info: Usuario autenticado correctamente
info: Perfil del usuario obtenido correctamente
info: Conectados a la Base de datos
info: Vista de productos en tiempo real renderizada correctamente
info: Usuario cerró sesión correctamente
info: Usuario autenticado correctamente
info: Perfil del usuario obtenido correctamente
info: Productos renderizados correctamente
info: Perfil del usuario obtenido correctamente
info: Usuario cerró sesión correctamente
info: Usuario autenticado correctamente
info: Perfil del usuario obtenido correctamente
info: Productos renderizados correctamente
info: Usuario cerró sesión correctamente
info: Usuario autenticado correctamente
info: Perfil del usuario obtenido correctamente
info: Conectados a la Base de datos
info: Perfil del usuario obtenido correctamente
info: Conectados a la Base de datos
info: Conectados a la Base de datos
info: Conectados a la Base de datos
info: Conectados a la Base de datos
info: Conectados a la Base de datos
info: Conectados a la Base de datos
info: Usuario cerró sesión correctamente
info: Usuario autenticado correctamente
info: Perfil del usuario obtenido correctamente
info: admin
info: Vista de productos en tiempo real renderizada correctamente
info: Perfil del usuario obtenido correctamente
info: Usuario cerró sesión correctamente
info: Usuario autenticado correctamente
info: Perfil del usuario obtenido correctamente
info: Conectados a la Base de datos
info: premium
info: Vista de productos en tiempo real renderizada correctamente
info: Productos renderizados correctamente
info: Perfil del usuario obtenido correctamente
info: premium
info: Vista de productos en tiempo real renderizada correctamente
info: premium
info: Vista de productos en tiempo real renderizada correctamente
info: premium
info: Vista de productos en tiempo real renderizada correctamente
info: premium
info: Vista de productos en tiempo real renderizada correctamente
info: Conectados a la Base de datos
info: Usuario autenticado correctamente
info: Perfil del usuario obtenido correctamente
info: Productos renderizados correctamente
info: Productos renderizados correctamente
info: Productos renderizados correctamente
info: Productos renderizados correctamente
info: Productos renderizados correctamente
info: Carrito renderizado correctamente
info: Carrito renderizado correctamente
info: Productos renderizados correctamente
info: Perfil del usuario obtenido correctamente
info: premium
info: Vista de productos en tiempo real renderizada correctamente
info: premium
info: Vista de productos en tiempo real renderizada correctamente
info: premium
info: Vista de productos en tiempo real renderizada correctamente
info: Perfil del usuario obtenido correctamente
info: premium
info: Vista de productos en tiempo real renderizada correctamente
info: Perfil del usuario obtenido correctamente
info: Productos renderizados correctamente
info: Productos renderizados correctamente
info: Productos renderizados correctamente
info: Productos renderizados correctamente
info: Productos renderizados correctamente
info: Carrito renderizado correctamente
info: Productos renderizados correctamente
info: Perfil del usuario obtenido correctamente
info: premium
info: Vista de productos en tiempo real renderizada correctamente
info: Perfil del usuario obtenido correctamente
info: Usuario cerró sesión correctamente
info: Usuario autenticado correctamente
info: Perfil del usuario obtenido correctamente
info: admin
info: Vista de productos en tiempo real renderizada correctamente
info: Conectados a la Base de datos
info: admin
info: Vista de productos en tiempo real renderizada correctamente
info: admin
info: Vista de productos en tiempo real renderizada correctamente
info: Perfil del usuario obtenido correctamente
info: admin
info: Vista de productos en tiempo real renderizada correctamente
info: Perfil del usuario obtenido correctamente
info: Usuario cerró sesión correctamente
info: Usuario autenticado correctamente
info: Perfil del usuario obtenido correctamente
info: premium
info: Vista de productos en tiempo real renderizada correctamente
info: premium
info: Vista de productos en tiempo real renderizada correctamente
info: Conectados a la Base de datos
info: Conectados a la Base de datos
info: Conectados a la Base de datos
info: Conectados a la Base de datos
info: Conectados a la Base de datos
info: Conectados a la Base de datos
info: Conectados a la Base de datos
info: premium
info: Vista de productos en tiempo real renderizada correctamente
info: Conectados a la Base de datos
info: Conectados a la Base de datos
info: Conectados a la Base de datos
info: Conectados a la Base de datos
info: Conectados a la Base de datos
info: Conectados a la Base de datos
info: Conectados a la Base de datos
info: Conectados a la Base de datos
info: Conectados a la Base de datos
info: Conectados a la Base de datos
info: Conectados a la Base de datos
info: Conectados a la Base de datos
info: Conectados a la Base de datos
info: Conectados a la Base de datos
info: Conectados a la Base de datos
info: Conectados a la Base de datos
info: premium
info: Vista de productos en tiempo real renderizada correctamente
info: Conectados a la Base de datos
info: premium
info: Vista de productos en tiempo real renderizada correctamente
info: Perfil del usuario obtenido correctamente
info: Usuario cerró sesión correctamente
info: Usuario autenticado correctamente
info: Perfil del usuario obtenido correctamente
info: Perfil del usuario obtenido correctamente
info: Usuario cerró sesión correctamente
info: Usuario autenticado correctamente
info: Perfil del usuario obtenido correctamente
info: premium
info: Vista de productos en tiempo real renderizada correctamente
info: Productos obtenidos correctamente
info: Conectados a la Base de datos
info: Conectados a la Base de datos
info: Conectados a la Base de datos
info: premium
info: Vista de productos en tiempo real renderizada correctamente
info: Conectados a la Base de datos
info: Conectados a la Base de datos
info: Conectados a la Base de datos
info: Conectados a la Base de datos
info: Conectados a la Base de datos
info: Conectados a la Base de datos
info: Conectados a la Base de datos
info: Conectados a la Base de datos
info: Conectados a la Base de datos
info: Conectados a la Base de datos
info: Conectados a la Base de datos
info: Conectados a la Base de datos
info: Conectados a la Base de datos
info: Conectados a la Base de datos
info: Conectados a la Base de datos
info: Conectados a la Base de datos
info: Conectados a la Base de datos
info: Conectados a la Base de datos
info: Conectados a la Base de datos
info: Conectados a la Base de datos
info: Conectados a la Base de datos
info: Conectados a la Base de datos
info: Conectados a la Base de datos
info: Conectados a la Base de datos
info: premium
info: Vista de productos en tiempo real renderizada correctamente
info: Perfil del usuario obtenido correctamente
info: Usuario cerró sesión correctamente
info: Usuario autenticado correctamente
info: Perfil del usuario obtenido correctamente
info: admin
info: Vista de productos en tiempo real renderizada correctamente
info: admin
info: Vista de productos en tiempo real renderizada correctamente
info: Conectados a la Base de datos
info: Conectados a la Base de datos
info: Conectados a la Base de datos
info: Conectados a la Base de datos
info: Conectados a la Base de datos
info: Conectados a la Base de datos
info: Conectados a la Base de datos
info: Conectados a la Base de datos
info: Conectados a la Base de datos
info: Conectados a la Base de datos
info: Perfil del usuario obtenido correctamente
info: Usuario cerró sesión correctamente
info: Usuario autenticado correctamente
info: Perfil del usuario obtenido correctamente
info: Conectados a la Base de datos
info: Perfil del usuario obtenido correctamente
info: Usuario cerró sesión correctamente
info: Usuario autenticado correctamente
info: Perfil del usuario obtenido correctamente
info: Conectados a la Base de datos
info: Perfil del usuario obtenido correctamente
info: Usuario cerró sesión correctamente
info: Usuario autenticado correctamente
info: Perfil del usuario obtenido correctamente
info: Vista de productos en tiempo real renderizada correctamente
info: Conectados a la Base de datos
info: Vista de productos en tiempo real renderizada correctamente
info: Conectados a la Base de datos
info: Perfil del usuario obtenido correctamente
info: Usuario cerró sesión correctamente
info: Usuario autenticado correctamente
info: Perfil del usuario obtenido correctamente
info: Perfil del usuario obtenido correctamente
info: Usuario cerró sesión correctamente
info: Usuario autenticado correctamente
info: Perfil del usuario obtenido correctamente
info: Vista de productos en tiempo real renderizada correctamente
info: Perfil del usuario obtenido correctamente
info: Usuario cerró sesión correctamente
info: Usuario autenticado correctamente
info: Perfil del usuario obtenido correctamente
info: Vista de productos en tiempo real renderizada correctamente
info: Perfil del usuario obtenido correctamente
info: Usuario cerró sesión correctamente
info: Usuario autenticado correctamente
info: Perfil del usuario obtenido correctamente
info: Productos renderizados correctamente
info: Productos renderizados correctamente
info: Productos renderizados correctamente
info: Productos renderizados correctamente
info: Carrito renderizado correctamente
info: Conectados a la Base de datos
info: Carrito renderizado correctamente
info: Productos renderizados correctamente
info: Productos renderizados correctamente
info: Productos renderizados correctamente
info: Productos renderizados correctamente
info: Conectados a la Base de datos
info: Productos renderizados correctamente
info: Productos renderizados correctamente
info: Productos renderizados correctamente
info: Perfil del usuario obtenido correctamente
info: Usuario cerró sesión correctamente
info: Usuario autenticado correctamente
info: Perfil del usuario obtenido correctamente
info: Productos renderizados correctamente
info: Productos renderizados correctamente
info: Productos renderizados correctamente
info: Productos renderizados correctamente
info: Carrito renderizado correctamente
info: Productos renderizados correctamente
info: Perfil del usuario obtenido correctamente
info: Usuario cerró sesión correctamente
info: Usuario autenticado correctamente
info: Perfil del usuario obtenido correctamente
info: Vista de productos en tiempo real renderizada correctamente
info: Vista de productos en tiempo real renderizada correctamente
info: Vista de productos en tiempo real renderizada correctamente
info: Vista de productos en tiempo real renderizada correctamente
info: Conectados a la Base de datos
info: Conectados a la Base de datos
info: Conectados a la Base de datos
info: Conectados a la Base de datos
info: Conectados a la Base de datos
info: Productos obtenidos correctamente
info: Conectados a la Base de datos
info: Conectados a la Base de datos
info: Conectados a la Base de datos
info: Conectados a la Base de datos
info: Conectados a la Base de datos
info: Usuario autenticado correctamente
info: Perfil del usuario obtenido correctamente
info: Productos renderizados correctamente
info: Perfil del usuario obtenido correctamente
info: Perfil del usuario obtenido correctamente
info: Usuario cerró sesión correctamente
info: Conectados a la Base de datos
info: Productos obtenidos correctamente
info: Producto obtenido por ID correctamente
info: Conectados a la Base de datos
info: Conectados a la Base de datos
info: Conectados a la Base de datos
info: Productos obtenidos correctamente
info: Producto obtenido por ID correctamente
info: Productos obtenidos correctamente
info: Conectados a la Base de datos
info: Producto obtenido por ID correctamente
info: Conectados a la Base de datos
info: Usuario autenticado correctamente
info: Perfil del usuario obtenido correctamente
info: Productos obtenidos correctamente
info: Producto obtenido por ID correctamente
info: Conectados a la Base de datos
info: Conectados a la Base de datos
info: Conectados a la Base de datos
info: Producto obtenido por ID correctamente
info: Conectados a la Base de datos
info: Productos obtenidos correctamente
info: Producto obtenido por ID correctamente
info: Conectados a la Base de datos
info: Productos obtenidos correctamente
info: Producto obtenido por ID correctamente
info: Conectados a la Base de datos
info: Productos obtenidos correctamente
info: Producto obtenido por ID correctamente
info: Conectados a la Base de datos
info: Productos obtenidos correctamente
info: Producto obtenido por ID correctamente
info: Conectados a la Base de datos
info: Productos obtenidos correctamente
info: Producto obtenido por ID correctamente
info: Conectados a la Base de datos
info: Productos obtenidos correctamente
info: Producto obtenido por ID correctamente
info: Conectados a la Base de datos
info: Conectados a la Base de datos
info: Productos obtenidos correctamente
info: Producto obtenido por ID correctamente
info: Producto actualizado correctamente
info: Conectados a la Base de datos
info: Conectados a la Base de datos
info: Productos obtenidos correctamente
info: Producto obtenido por ID correctamente
info: Producto eliminado correctamente
info: Conectados a la Base de datos
info: Conectados a la Base de datos
info: Conectados a la Base de datos
info: Productos obtenidos correctamente
info: Producto obtenido por ID correctamente
info: Producto eliminado correctamente
info: Conectados a la Base de datos
info: Productos obtenidos correctamente
info: Producto obtenido por ID correctamente
info: Producto eliminado correctamente
info: Conectados a la Base de datos
info: Conectados a la Base de datos
info: Conectados a la Base de datos
info: Productos obtenidos correctamente
info: Producto obtenido por ID correctamente
info: Conectados a la Base de datos
info: Productos renderizados correctamente
error: Error al agregar producto al carrito: Error {"stack":"Error: Error\n    at CartRepository.agregarProducto (C:\\Users\\fatal\\OneDrive\\Documentos\\Oscar Isaac Montes de Oca Nah\\Coder House\\BackEnd\\Desafios\\Desafios\\Desafio11+MontesdeOcaOscar\\src\\repositories\\cart.repository.js:44:19)\n    at process.processTicksAndRejections (node:internal/process/task_queues:95:5)\n    at async agregarProductoEnCarrito (C:\\Users\\fatal\\OneDrive\\Documentos\\Oscar Isaac Montes de Oca Nah\\Coder House\\BackEnd\\Desafios\\Desafios\\Desafio11+MontesdeOcaOscar\\src\\controllers\\cart.controller.js:59:13)"}
info: Perfil del usuario obtenido correctamente
info: Usuario cerró sesión correctamente
info: Usuario autenticado correctamente
info: Perfil del usuario obtenido correctamente
info: Productos renderizados correctamente
error: Error al agregar producto al carrito: Error {"stack":"Error: Error\n    at CartRepository.agregarProducto (C:\\Users\\fatal\\OneDrive\\Documentos\\Oscar Isaac Montes de Oca Nah\\Coder House\\BackEnd\\Desafios\\Desafios\\Desafio11+MontesdeOcaOscar\\src\\repositories\\cart.repository.js:44:19)\n    at process.processTicksAndRejections (node:internal/process/task_queues:95:5)\n    at async agregarProductoEnCarrito (C:\\Users\\fatal\\OneDrive\\Documentos\\Oscar Isaac Montes de Oca Nah\\Coder House\\BackEnd\\Desafios\\Desafios\\Desafio11+MontesdeOcaOscar\\src\\controllers\\cart.controller.js:59:13)"}
error: Error al agregar producto al carrito: Error {"stack":"Error: Error\n    at CartRepository.agregarProducto (C:\\Users\\fatal\\OneDrive\\Documentos\\Oscar Isaac Montes de Oca Nah\\Coder House\\BackEnd\\Desafios\\Desafios\\Desafio11+MontesdeOcaOscar\\src\\repositories\\cart.repository.js:44:19)\n    at process.processTicksAndRejections (node:internal/process/task_queues:95:5)\n    at async agregarProductoEnCarrito (C:\\Users\\fatal\\OneDrive\\Documentos\\Oscar Isaac Montes de Oca Nah\\Coder House\\BackEnd\\Desafios\\Desafios\\Desafio11+MontesdeOcaOscar\\src\\controllers\\cart.controller.js:59:13)"}
error: Error al agregar producto al carrito: Error {"stack":"Error: Error\n    at CartRepository.agregarProducto (C:\\Users\\fatal\\OneDrive\\Documentos\\Oscar Isaac Montes de Oca Nah\\Coder House\\BackEnd\\Desafios\\Desafios\\Desafio11+MontesdeOcaOscar\\src\\repositories\\cart.repository.js:44:19)\n    at process.processTicksAndRejections (node:internal/process/task_queues:95:5)\n    at async agregarProductoEnCarrito (C:\\Users\\fatal\\OneDrive\\Documentos\\Oscar Isaac Montes de Oca Nah\\Coder House\\BackEnd\\Desafios\\Desafios\\Desafio11+MontesdeOcaOscar\\src\\controllers\\cart.controller.js:59:13)"}
info: Perfil del usuario obtenido correctamente
info: Usuario cerró sesión correctamente
info: Usuario registrado correctamente
info: Perfil del usuario obtenido correctamente
info: Productos renderizados correctamente
info: Carrito renderizado correctamente
info: Carrito renderizado correctamente
info: Productos renderizados correctamente
info: Conectados a la Base de datos
info: Productos obtenidos correctamente
info: Producto obtenido por ID correctamente
info: Conectados a la Base de datos
info: Conectados a la Base de datos
info: Conectados a la Base de datos
info: Productos obtenidos correctamente
info: Producto obtenido por ID correctamente
info: Conectados a la Base de datos
info: Productos obtenidos correctamente
info: Producto obtenido por ID correctamente
info: Conectados a la Base de datos
info: Productos obtenidos correctamente
info: Producto obtenido por ID correctamente
info: Conectados a la Base de datos
info: Productos obtenidos correctamente
info: Producto obtenido por ID correctamente
error: Error al agregar producto al carrito: Cannot read properties of null (reading 'role') {"stack":"TypeError: Cannot read properties of null (reading 'role')\n    at agregarProductoEnCarrito (C:\\Users\\fatal\\OneDrive\\Documentos\\Oscar Isaac Montes de Oca Nah\\Coder House\\BackEnd\\Desafios\\Desafios\\Desafio11+MontesdeOcaOscar\\src\\controllers\\cart.controller.js:55:26)\n    at process.processTicksAndRejections (node:internal/process/task_queues:95:5)"}
info: Conectados a la Base de datos
info: Productos obtenidos correctamente
info: Producto obtenido por ID correctamente
info: Productos obtenidos correctamente
info: Producto obtenido por ID correctamente
info: Conectados a la Base de datos
info: Conectados a la Base de datos
info: Usuario registrado correctamente
info: Usuario registrado correctamente
info: Usuario autenticado correctamente
info: Conectados a la Base de datos
info: Usuario autenticado correctamente
info: Conectados a la Base de datos
info: Conectados a la Base de datos
info: Usuario registrado correctamente
info: Usuario autenticado correctamente
info: Conectados a la Base de datos
info: Conectados a la Base de datos
info: Conectados a la Base de datos
info: Usuario registrado correctamente
info: Usuario autenticado correctamente
info: Conectados a la Base de datos
info: Usuario autenticado correctamente
info: Conectados a la Base de datos
info: Usuario autenticado correctamente
info: Conectados a la Base de datos
info: Conectados a la Base de datos
info: Usuario autenticado correctamente
info: Usuario registrado correctamente
info: Usuario autenticado correctamente
info: Conectados a la Base de datos
info: Conectados a la Base de datos
info: Usuario autenticado correctamente
info: Conectados a la Base de datos
info: Usuario autenticado correctamente
info: Conectados a la Base de datos
info: Conectados a la Base de datos
info: Conectados a la Base de datos
info: Productos obtenidos correctamente
info: Producto obtenido por ID correctamente
info: Producto eliminado correctamente
info: Conectados a la Base de datos
info: Conectados a la Base de datos
info: Usuario autenticado correctamente
info: Perfil del usuario obtenido correctamente
info: Conectados a la Base de datos
info: Conectados a la Base de datos
info: Conectados a la Base de datos
info: Conectados a la Base de datos
info: Usuario cerró sesión correctamente
info: Usuario autenticado correctamente
info: Perfil del usuario obtenido correctamente
info: Usuario cerró sesión correctamente
info: Conectados a la Base de datos
info: Conectados a la Base de datos
info: Usuario autenticado correctamente
info: Perfil del usuario obtenido correctamente
info: Usuario cerró sesión correctamente
info: Conectados a la Base de datos
info: Conectados a la Base de datos
info: Conectados a la Base de datos
info: Conectados a la Base de datos
info: Conectados a la Base de datos
info: Conectados a la Base de datos
info: Conectados a la Base de datos
info: Conectados a la Base de datos
info: Conectados a la Base de datos
info: Conectados a la Base de datos
info: Conectados a la Base de datos
info: Conectados a la Base de datos
info: Conectados a la Base de datos
info: Conectados a la Base de datos
info: Conectados a la Base de datos
info: Conectados a la Base de datos
info: Conectados a la Base de datos
info: Usuario autenticado correctamente
info: Perfil del usuario obtenido correctamente
info: Perfil del usuario obtenido correctamente
info: Conectados a la Base de datos
info: Conectados a la Base de datos
info: Perfil del usuario obtenido correctamente
info: Conectados a la Base de datos
info: Conectados a la Base de datos
info: Usuario cerró sesión correctamente
info: Usuario autenticado correctamente
info: Perfil del usuario obtenido correctamente
info: Conectados a la Base de datos
info: Perfil del usuario obtenido correctamente
info: Usuario cerró sesión correctamente
info: Conectados a la Base de datos
info: Conectados a la Base de datos
info: Conectados a la Base de datos
info: Conectados a la Base de datos
info: Conectados a la Base de datos
info: Conectados a la Base de datos
info: Conectados a la Base de datos
info: Usuario autenticado correctamente
info: Perfil del usuario obtenido correctamente
info: Conectados a la Base de datos
info: Conectados a la Base de datos
info: Conectados a la Base de datos
info: Perfil del usuario obtenido correctamente
info: Conectados a la Base de datos
info: Perfil del usuario obtenido correctamente
info: Conectados a la Base de datos
info: Conectados a la Base de datos
info: Conectados a la Base de datos
info: Usuario cerró sesión correctamente
info: Usuario autenticado correctamente
info: Perfil del usuario obtenido correctamente
info: Vista de productos en tiempo real renderizada correctamente
info: Perfil del usuario obtenido correctamente
info: Usuario cerró sesión correctamente
info: Usuario autenticado correctamente
info: Perfil del usuario obtenido correctamente
info: Productos renderizados correctamente
info: Perfil del usuario obtenido correctamente
info: Vista de productos en tiempo real renderizada correctamente
info: Vista de productos en tiempo real renderizada correctamente
info: Perfil del usuario obtenido correctamente
info: Productos renderizados correctamente
info: Perfil del usuario obtenido correctamente
info: Vista de productos en tiempo real renderizada correctamente
info: Perfil del usuario obtenido correctamente
info: Usuario cerró sesión correctamente
info: Conectados a la Base de datos
info: Conectados a la Base de datos
info: Usuario autenticado correctamente
info: Perfil del usuario obtenido correctamente
info: Vista de productos en tiempo real renderizada correctamente
info: Perfil del usuario obtenido correctamente
info: Vista de productos en tiempo real renderizada correctamente
info: Conectados a la Base de datos
info: Perfil del usuario obtenido correctamente
info: Conectados a la Base de datos
info: Conectados a la Base de datos
info: Usuario autenticado correctamente
info: Perfil del usuario obtenido correctamente
info: Vista de productos en tiempo real renderizada correctamente
info: Conectados a la Base de datos
info: Usuario autenticado correctamente
info: Perfil del usuario obtenido correctamente
info: Vista de productos en tiempo real renderizada correctamente
info: Perfil del usuario obtenido correctamente
info: Usuario cerró sesión correctamente
info: Usuario autenticado correctamente
info: Perfil del usuario obtenido correctamente
info: Conectados a la Base de datos
info: Usuario autenticado correctamente
info: Perfil del usuario obtenido correctamente
info: Conectados a la Base de datos
info: Usuario cerró sesión correctamente
info: Usuario autenticado correctamente
info: Perfil del usuario obtenido correctamente
info: Usuario cerró sesión correctamente
info: Usuario autenticado correctamente
info: Perfil del usuario obtenido correctamente
info: Conectados a la Base de datos
info: Conectados a la Base de datos
info: Conectados a la Base de datos
info: Conectados a la Base de datos
info: Conectados a la Base de datos
info: Usuario cerró sesión correctamente
info: Usuario autenticado correctamente
info: Perfil del usuario obtenido correctamente
info: Vista de productos en tiempo real renderizada correctamente
info: Conectados a la Base de datos
info: Conectados a la Base de datos
info: Perfil del usuario obtenido correctamente
info: Vista de productos en tiempo real renderizada correctamente
info: Conectados a la Base de datos
info: Conectados a la Base de datos
info: Conectados a la Base de datos
info: Conectados a la Base de datos
info: Conectados a la Base de datos
info: Conectados a la Base de datos
info: Conectados a la Base de datos
info: Conectados a la Base de datos
info: Conectados a la Base de datos
info: Perfil del usuario obtenido correctamente
info: Usuario cerró sesión correctamente
info: Usuario registrado correctamente
info: Perfil del usuario obtenido correctamente
info: Usuario cerró sesión correctamente
info: Usuario autenticado correctamente
info: Perfil del usuario obtenido correctamente
info: Usuario registrado correctamente
info: Perfil del usuario obtenido correctamente
info: Usuario cerró sesión correctamente
info: Usuario autenticado correctamente
info: Perfil del usuario obtenido correctamente
info: Conectados a la Base de datos
error: Error al renderizar la vista de productos en tiempo real:
info: Usuario cerró sesión correctamente
info: Usuario registrado correctamente
info: Perfil del usuario obtenido correctamente
info: Usuario cerró sesión correctamente
info: Usuario registrado correctamente
info: Perfil del usuario obtenido correctamente
info: Usuario cerró sesión correctamente
info: Usuario registrado correctamente
info: Perfil del usuario obtenido correctamente
info: Usuario cerró sesión correctamente
info: Usuario registrado correctamente
info: Perfil del usuario obtenido correctamente
info: Conectados a la Base de datos
info: Usuario cerró sesión correctamente
info: Usuario autenticado correctamente
info: Perfil del usuario obtenido correctamente
info: Perfil del usuario obtenido correctamente
info: Perfil del usuario obtenido correctamente
info: Usuario cerró sesión correctamente
info: Usuario autenticado correctamente
info: Perfil del usuario obtenido correctamente
info: Conectados a la Base de datos
info: Conectados a la Base de datos
info: Conectados a la Base de datos
info: Conectados a la Base de datos
info: Conectados a la Base de datos
info: Conectados a la Base de datos
info: Conectados a la Base de datos
info: Conectados a la Base de datos
info: Perfil del usuario obtenido correctamente
info: Perfil del usuario obtenido correctamente
info: Perfil del usuario obtenido correctamente
info: Perfil del usuario obtenido correctamente
info: Perfil del usuario obtenido correctamente
info: Perfil del usuario obtenido correctamente
info: Perfil del usuario obtenido correctamente
info: Perfil del usuario obtenido correctamente
info: Perfil del usuario obtenido correctamente
info: Conectados a la Base de datos
info: Usuario autenticado correctamente
info: Perfil del usuario obtenido correctamente
info: Perfil del usuario obtenido correctamente
info: Vista de productos en tiempo real renderizada correctamente
info: Perfil del usuario obtenido correctamente
info: Usuario cerró sesión correctamente
info: Usuario autenticado correctamente
info: Perfil del usuario obtenido correctamente
info: Vista de productos en tiempo real renderizada correctamente
info: Perfil del usuario obtenido correctamente
info: Usuario cerró sesión correctamente
info: Usuario autenticado correctamente
info: Perfil del usuario obtenido correctamente
info: Vista de productos en tiempo real renderizada correctamente
info: Conectados a la Base de datos
info: Conectados a la Base de datos
info: Conectados a la Base de datos
info: Perfil del usuario obtenido correctamente
info: Usuario cerró sesión correctamente
info: Usuario autenticado correctamente
info: Perfil del usuario obtenido correctamente
info: Vista de productos en tiempo real renderizada correctamente
info: Perfil del usuario obtenido correctamente
info: Usuario cerró sesión correctamente
info: Usuario autenticado correctamente
info: Perfil del usuario obtenido correctamente
info: Vista de productos en tiempo real renderizada correctamente
info: Conectados a la Base de datos
info: Conectados a la Base de datos
info: Perfil del usuario obtenido correctamente
info: Vista de productos en tiempo real renderizada correctamente
info: Perfil del usuario obtenido correctamente
info: Usuario cerró sesión correctamente
info: Usuario cerró sesión correctamente
info: Usuario autenticado correctamente
info: Perfil del usuario obtenido correctamente
info: Vista de productos en tiempo real renderizada correctamente
info: Perfil del usuario obtenido correctamente
info: Usuario cerró sesión correctamente
info: Usuario autenticado correctamente
info: Perfil del usuario obtenido correctamente
info: Vista de productos en tiempo real renderizada correctamente
info: Conectados a la Base de datos
info: Conectados a la Base de datos
info: Conectados a la Base de datos
info: Vista de productos en tiempo real renderizada correctamente
info: Conectados a la Base de datos
info: Vista de productos en tiempo real renderizada correctamente
info: Conectados a la Base de datos
info: Vista de productos en tiempo real renderizada correctamente
info: Conectados a la Base de datos
info: Conectados a la Base de datos
info: Conectados a la Base de datos
info: Vista de productos en tiempo real renderizada correctamente
info: Vista de productos en tiempo real renderizada correctamente
info: Conectados a la Base de datos
info: Vista de productos en tiempo real renderizada correctamente
info: Conectados a la Base de datos
info: Conectados a la Base de datos
info: Vista de productos en tiempo real renderizada correctamente
info: Vista de productos en tiempo real renderizada correctamente
info: Conectados a la Base de datos
info: Conectados a la Base de datos
info: Vista de productos en tiempo real renderizada correctamente
info: Vista de productos en tiempo real renderizada correctamente
info: Conectados a la Base de datos
info: Conectados a la Base de datos
info: Vista de productos en tiempo real renderizada correctamente
info: Conectados a la Base de datos
info: Vista de productos en tiempo real renderizada correctamente
info: Conectados a la Base de datos
info: Vista de productos en tiempo real renderizada correctamente
info: Conectados a la Base de datos
info: Vista de productos en tiempo real renderizada correctamente
info: Perfil del usuario obtenido correctamente
info: Perfil del usuario obtenido correctamente
info: Vista de productos en tiempo real renderizada correctamente
info: Perfil del usuario obtenido correctamente
info: Usuario cerró sesión correctamente
info: Usuario autenticado correctamente
info: Perfil del usuario obtenido correctamente
info: Productos renderizados correctamente
info: Productos renderizados correctamente
info: Productos renderizados correctamente
info: Productos renderizados correctamente
info: Productos renderizados correctamente
info: Productos renderizados correctamente
info: Carrito renderizado correctamente
info: Productos renderizados correctamente
info: Carrito renderizado correctamente
info: Productos renderizados correctamente
info: Carrito renderizado correctamente
info: Carrito renderizado correctamente
info: Productos renderizados correctamente
info: Carrito renderizado correctamente
info: Carrito renderizado correctamente
info: Carrito renderizado correctamente
info: Carrito renderizado correctamente
info: Productos renderizados correctamente
info: Carrito renderizado correctamente
info: Carrito renderizado correctamente
info: Carrito renderizado correctamente
info: Perfil del usuario obtenido correctamente
info: Usuario cerró sesión correctamente
info: Conectados a la Base de datos
info: Usuario registrado correctamente
info: Perfil del usuario obtenido correctamente
info: Usuario cerró sesión correctamente
info: Usuario autenticado correctamente
info: Perfil del usuario obtenido correctamente
info: Usuario cerró sesión correctamente
info: Usuario autenticado correctamente
info: Perfil del usuario obtenido correctamente
info: Perfil del usuario obtenido correctamente
info: Conectados a la Base de datos
info: Usuario cerró sesión correctamente
info: Usuario autenticado correctamente
info: Perfil del usuario obtenido correctamente
info: Productos renderizados correctamente
info: Perfil del usuario obtenido correctamente
info: Productos renderizados correctamente
info: Carrito renderizado correctamente
info: Productos renderizados correctamente
info: Perfil del usuario obtenido correctamente
info: Perfil del usuario obtenido correctamente
info: Usuario cerró sesión correctamente
info: Usuario autenticado correctamente
info: Perfil del usuario obtenido correctamente
info: Productos renderizados correctamente
info: Perfil del usuario obtenido correctamente
info: Conectados a la Base de datos
info: Perfil del usuario obtenido correctamente
info: Productos renderizados correctamente
info: Perfil del usuario obtenido correctamente
info: Usuario cerró sesión correctamente
info: Conectados a la Base de datos
info: Usuario autenticado correctamente
info: Perfil del usuario obtenido correctamente
info: Productos renderizados correctamente
info: Perfil del usuario obtenido correctamente
info: Conectados a la Base de datos
info: Usuario cerró sesión correctamente
info: Usuario autenticado correctamente
info: Perfil del usuario obtenido correctamente
info: Productos renderizados correctamente
info: Perfil del usuario obtenido correctamente
info: Conectados a la Base de datos
info: Perfil del usuario obtenido correctamente
info: Productos renderizados correctamente
info: Perfil del usuario obtenido correctamente
info: Conectados a la Base de datos
info: Perfil del usuario obtenido correctamente
